D:\Code Sources\SportsStore_book\SportsStore\dist\out-tsc\ClientApp\app\app.component.js
D:\Code Sources\SportsStore_book\SportsStore\dist\out-tsc\ClientApp\app\app.component.js.map
D:\Code Sources\SportsStore_book\SportsStore\dist\out-tsc\ClientApp\app\app.module.js
D:\Code Sources\SportsStore_book\SportsStore\dist\out-tsc\ClientApp\app\app.module.js.map
D:\Code Sources\SportsStore_book\SportsStore\dist\out-tsc\ClientApp\boot.js
D:\Code Sources\SportsStore_book\SportsStore\dist\out-tsc\ClientApp\boot.js.map
D:\Code Sources\SportsStore_book\SportsStore\dist\out-tsc\ClientApp\environments\environment.js
D:\Code Sources\SportsStore_book\SportsStore\dist\out-tsc\ClientApp\environments\environment.js.map
D:\Code Sources\SportsStore_book\SportsStore\dist\out-tsc\ClientApp\main.js
D:\Code Sources\SportsStore_book\SportsStore\dist\out-tsc\ClientApp\main.js.map
D:\Code Sources\SportsStore_book\SportsStore\dist\out-tsc\ClientApp\polyfills.js
D:\Code Sources\SportsStore_book\SportsStore\dist\out-tsc\ClientApp\polyfills.js.map
D:\Code Sources\SportsStore_book\SportsStore\dist\out-tsc\ClientApp\test.js
D:\Code Sources\SportsStore_book\SportsStore\dist\out-tsc\ClientApp\test.js.map
D:\Code Sources\SportsStore_book\SportsStore\dist\out-tsc\ClientApp\app\app.component.spec.js
D:\Code Sources\SportsStore_book\SportsStore\dist\out-tsc\ClientApp\app\app.component.spec.js.map
D:\Code Sources\SportsStore_book\SportsStore\dist\out-tsc\ClientApp\environments\environment.prod.js
D:\Code Sources\SportsStore_book\SportsStore\dist\out-tsc\ClientApp\environments\environment.prod.js.map
D:\Code Sources\SportsStore_book\SportsStore\dist\out-tsc\e2e\app.po.js
D:\Code Sources\SportsStore_book\SportsStore\dist\out-tsc\e2e\app.po.js.map
D:\Code Sources\SportsStore_book\SportsStore\dist\out-tsc\e2e\app.e2e-spec.js
D:\Code Sources\SportsStore_book\SportsStore\dist\out-tsc\e2e\app.e2e-spec.js.map
